<?xml version="1.0" encoding="UTF-8"?>
<testng-results skipped="0" failed="0" ignored="0" total="1" passed="1">
  <reporter-output>
  </reporter-output>
  <suite name="Default suite" duration-ms="7145" started-at="2019-12-30T23:59:36Z" finished-at="2019-12-30T23:59:43Z">
    <groups>
    </groups>
    <test name="Default test" duration-ms="7145" started-at="2019-12-30T23:59:36Z" finished-at="2019-12-30T23:59:43Z">
      <class name="com.MeSolutionsGUI.UI.Add_User">
        <test-method status="PASS" signature="webTest()[pri:0, instance:com.MeSolutionsGUI.UI.Add_User@523884b2]" name="webTest" duration-ms="7111" started-at="2019-12-30T23:59:36Z" finished-at="2019-12-30T23:59:43Z">
          <reporter-output>
          </reporter-output>
        </test-method> <!-- webTest -->
      </class> <!-- com.MeSolutionsGUI.UI.Add_User -->
    </test> <!-- Default test -->
  </suite> <!-- Default suite -->
</testng-results>
