<?xml version="1.0" encoding="UTF-8"?>
<testng-results skipped="0" failed="0" ignored="0" total="2" passed="2">
  <reporter-output>
  </reporter-output>
  <suite name="Default suite" duration-ms="3168" started-at="2019-12-30T01:58:48Z" finished-at="2019-12-30T01:58:51Z">
    <groups>
    </groups>
    <test name="Default test" duration-ms="3168" started-at="2019-12-30T01:58:48Z" finished-at="2019-12-30T01:58:51Z">
      <class name="com.MeSolutions.API_Testing.PostCall">
        <test-method status="PASS" signature="postData()[pri:0, instance:com.MeSolutions.API_Testing.PostCall@5c3bd550]" name="postData" duration-ms="21" started-at="2019-12-29T20:58:48Z" finished-at="2019-12-29T20:58:48Z">
          <reporter-output>
          </reporter-output>
        </test-method> <!-- postData -->
        <test-method status="PASS" signature="postValuePosts()[pri:0, instance:com.MeSolutions.API_Testing.PostCall@5c3bd550]" name="postValuePosts" duration-ms="3085" started-at="2019-12-29T20:58:48Z" finished-at="2019-12-29T20:58:51Z">
          <reporter-output>
          </reporter-output>
        </test-method> <!-- postValuePosts -->
      </class> <!-- com.MeSolutions.API_Testing.PostCall -->
    </test> <!-- Default test -->
  </suite> <!-- Default suite -->
</testng-results>
